[INFO   ] 2021-06-12 12:00:13.135 [restartedMain] OTPApplication                 : Starting OTPApplication using Java 14.0.2 on NB0230 with PID 27780 (C:\bitbucket\OTP-Broker\target\classes started by kamshory in C:\bitbucket\OTP-Broker)
[DEBUG  ] 2021-06-12 12:00:13.169 [restartedMain] OTPApplication                 : Running with Spring Boot v2.4.4, Spring v5.3.5
[INFO   ] 2021-06-12 12:00:13.171 [restartedMain] OTPApplication                 : No active profile set, falling back to default profiles: default
[INFO   ] 2021-06-12 12:00:19.108 [restartedMain] GSM                            : Constructor GSM called
[INFO   ] 2021-06-12 12:00:19.135 [restartedMain] WebSocketClient                : Default constructor
[INFO   ] 2021-06-12 12:00:19.199 [restartedMain] ServerWebManager               : Init...
[INFO   ] 2021-06-12 12:00:19.214 [restartedMain] GSM                            : INIT port : /dev/tty
[INFO   ] 2021-06-12 12:00:19.214 [Thread-4     ] WebSocketClient                : Connecting...
[INFO   ] 2021-06-12 12:00:19.522 [restartedMain] ServerWebSocket                : Init...
[INFO   ] 2021-06-12 12:00:19.862 [restartedMain] ServerWebSocket                : Init...
[INFO   ] 2021-06-12 12:00:21.678 [restartedMain] OTPApplication                 : Started OTPApplication in 9.966 seconds (JVM running for 12.621)
[INFO   ] 2021-06-12 12:00:28.308 [Thread-4     ] WebSocketClient                : Connecting...
[INFO   ] 2021-06-12 12:00:30.001 [scheduling-1 ] ServerScheduler                : Run...
[INFO   ] 2021-06-12 12:00:37.319 [Thread-4     ] WebSocketClient                : Connecting...
[INFO   ] 2021-06-12 12:00:40.002 [scheduling-1 ] ServerScheduler                : Run...
[INFO   ] 2021-06-12 12:00:46.327 [Thread-4     ] WebSocketClient                : Connecting...
[INFO   ] 2021-06-12 12:00:46.764 [restartedMain] OTPApplication                 : Starting OTPApplication using Java 14.0.2 on NB0230 with PID 27780 (C:\bitbucket\OTP-Broker\target\classes started by kamshory in C:\bitbucket\OTP-Broker)
[DEBUG  ] 2021-06-12 12:00:46.764 [restartedMain] OTPApplication                 : Running with Spring Boot v2.4.4, Spring v5.3.5
[INFO   ] 2021-06-12 12:00:46.765 [restartedMain] OTPApplication                 : No active profile set, falling back to default profiles: default
[INFO   ] 2021-06-12 12:00:47.228 [restartedMain] GSM                            : Constructor GSM called
[INFO   ] 2021-06-12 12:00:47.233 [restartedMain] WebSocketClient                : Default constructor
[INFO   ] 2021-06-12 12:00:47.244 [restartedMain] ServerWebManager               : Init...
[INFO   ] 2021-06-12 12:00:47.248 [restartedMain] GSM                            : INIT port : /dev/tty
[INFO   ] 2021-06-12 12:00:47.249 [Thread-13    ] WebSocketClient                : Connecting...
[INFO   ] 2021-06-12 12:00:47.457 [restartedMain] ServerWebSocket                : Init...
[INFO   ] 2021-06-12 12:00:47.488 [restartedMain] ServerWebSocket                : Init...
[INFO   ] 2021-06-12 12:00:47.780 [restartedMain] OTPApplication                 : Started OTPApplication in 1.094 seconds (JVM running for 38.723)
[INFO   ] 2021-06-12 12:00:50.002 [scheduling-1 ] ServerScheduler                : Run...
[INFO   ] 2021-06-12 12:00:55.351 [Thread-4     ] WebSocketClient                : Connecting...
[INFO   ] 2021-06-12 12:00:56.265 [Thread-13    ] WebSocketClient                : Connecting...
[INFO   ] 2021-06-12 12:01:00.001 [scheduling-1 ] ServerScheduler                : Run...
[INFO   ] 2021-06-12 12:01:04.361 [Thread-4     ] WebSocketClient                : Connecting...
[INFO   ] 2021-06-12 12:01:05.283 [Thread-13    ] WebSocketClient                : Connecting...
[INFO   ] 2021-06-12 12:01:10.002 [scheduling-1 ] ServerScheduler                : Run...
[INFO   ] 2021-06-12 12:01:13.377 [Thread-4     ] WebSocketClient                : Connecting...
[INFO   ] 2021-06-12 12:01:14.292 [Thread-13    ] WebSocketClient                : Connecting...
[INFO   ] 2021-06-12 12:01:20.001 [scheduling-1 ] ServerScheduler                : Run...
[INFO   ] 2021-06-12 12:01:22.389 [Thread-4     ] WebSocketClient                : Connecting...
[INFO   ] 2021-06-12 12:01:23.314 [Thread-13    ] WebSocketClient                : Connecting...
[INFO   ] 2021-06-12 12:01:30.002 [scheduling-1 ] ServerScheduler                : Run...
[INFO   ] 2021-06-12 12:01:31.402 [Thread-4     ] WebSocketClient                : Connecting...
[INFO   ] 2021-06-12 12:01:32.333 [Thread-13    ] WebSocketClient                : Connecting...
[INFO   ] 2021-06-12 12:01:40.001 [scheduling-1 ] ServerScheduler                : Run...
[INFO   ] 2021-06-12 12:01:40.414 [Thread-4     ] WebSocketClient                : Connecting...
[INFO   ] 2021-06-12 12:01:41.351 [Thread-13    ] WebSocketClient                : Connecting...
[INFO   ] 2021-06-12 12:01:49.432 [Thread-4     ] WebSocketClient                : Connecting...
[INFO   ] 2021-06-12 12:01:50.002 [scheduling-1 ] ServerScheduler                : Run...
[INFO   ] 2021-06-12 12:01:50.367 [Thread-13    ] WebSocketClient                : Connecting...
[INFO   ] 2021-06-12 12:01:58.445 [Thread-4     ] WebSocketClient                : Connecting...
[INFO   ] 2021-06-12 12:01:59.384 [Thread-13    ] WebSocketClient                : Connecting...
[INFO   ] 2021-06-12 12:02:00.001 [scheduling-1 ] ServerScheduler                : Run...
[INFO   ] 2021-06-12 12:02:07.469 [Thread-4     ] WebSocketClient                : Connecting...
[INFO   ] 2021-06-12 12:02:08.394 [Thread-13    ] WebSocketClient                : Connecting...
[INFO   ] 2021-06-12 12:02:10.001 [scheduling-1 ] ServerScheduler                : Run...
[INFO   ] 2021-06-12 12:02:16.476 [Thread-4     ] WebSocketClient                : Connecting...
[INFO   ] 2021-06-12 12:02:17.401 [Thread-13    ] WebSocketClient                : Connecting...
[INFO   ] 2021-06-12 12:02:20.002 [scheduling-1 ] ServerScheduler                : Run...
[INFO   ] 2021-06-12 12:02:25.486 [Thread-4     ] WebSocketClient                : Connecting...
[INFO   ] 2021-06-12 12:02:26.410 [Thread-13    ] WebSocketClient                : Connecting...
[INFO   ] 2021-06-12 12:02:30.002 [scheduling-1 ] ServerScheduler                : Run...
[INFO   ] 2021-06-12 12:02:34.499 [Thread-4     ] WebSocketClient                : Connecting...
[INFO   ] 2021-06-12 12:02:35.419 [Thread-13    ] WebSocketClient                : Connecting...
[INFO   ] 2021-06-12 12:02:40.001 [scheduling-1 ] ServerScheduler                : Run...
[INFO   ] 2021-06-12 12:02:43.510 [Thread-4     ] WebSocketClient                : Connecting...
[INFO   ] 2021-06-12 12:02:44.429 [Thread-13    ] WebSocketClient                : Connecting...
[INFO   ] 2021-06-12 12:02:50.001 [scheduling-1 ] ServerScheduler                : Run...
[INFO   ] 2021-06-12 12:02:52.531 [Thread-4     ] WebSocketClient                : Connecting...
[INFO   ] 2021-06-12 12:02:53.438 [Thread-13    ] WebSocketClient                : Connecting...
[INFO   ] 2021-06-12 12:03:00.001 [scheduling-1 ] ServerScheduler                : Run...
[INFO   ] 2021-06-12 12:03:01.553 [Thread-4     ] WebSocketClient                : Connecting...
[INFO   ] 2021-06-12 12:03:02.445 [Thread-13    ] WebSocketClient                : Connecting...
[INFO   ] 2021-06-12 12:03:08.091 [restartedMain] OTPApplication                 : Starting OTPApplication using Java 14.0.2 on NB0230 with PID 27780 (C:\bitbucket\OTP-Broker\target\classes started by kamshory in C:\bitbucket\OTP-Broker)
[DEBUG  ] 2021-06-12 12:03:08.092 [restartedMain] OTPApplication                 : Running with Spring Boot v2.4.4, Spring v5.3.5
[INFO   ] 2021-06-12 12:03:08.092 [restartedMain] OTPApplication                 : No active profile set, falling back to default profiles: default
[INFO   ] 2021-06-12 12:03:08.638 [restartedMain] GSM                            : Constructor GSM called
[INFO   ] 2021-06-12 12:03:08.646 [restartedMain] WebSocketClient                : Default constructor
[INFO   ] 2021-06-12 12:03:08.657 [restartedMain] ServerWebManager               : Init...
[INFO   ] 2021-06-12 12:03:08.663 [restartedMain] GSM                            : INIT port : /dev/tty
[INFO   ] 2021-06-12 12:03:08.663 [Thread-19    ] WebSocketClient                : Connecting...
[INFO   ] 2021-06-12 12:03:08.872 [restartedMain] ServerWebSocket                : Init...
[INFO   ] 2021-06-12 12:03:08.908 [restartedMain] ServerWebSocket                : Init...
[INFO   ] 2021-06-12 12:03:09.197 [restartedMain] OTPApplication                 : Started OTPApplication in 1.228 seconds (JVM running for 180.14)
[INFO   ] 2021-06-12 12:03:10.002 [scheduling-1 ] ServerScheduler                : Run...
[INFO   ] 2021-06-12 12:03:10.566 [Thread-4     ] WebSocketClient                : Connecting...
[INFO   ] 2021-06-12 12:03:11.458 [Thread-13    ] WebSocketClient                : Connecting...
[INFO   ] 2021-06-12 12:03:17.678 [Thread-19    ] WebSocketClient                : Connecting...
[INFO   ] 2021-06-12 12:03:19.577 [Thread-4     ] WebSocketClient                : Connecting...
[INFO   ] 2021-06-12 12:03:20.001 [scheduling-1 ] ServerScheduler                : Run...
[INFO   ] 2021-06-12 12:03:20.466 [Thread-13    ] WebSocketClient                : Connecting...
[INFO   ] 2021-06-12 12:03:26.317 [restartedMain] OTPApplication                 : Starting OTPApplication using Java 14.0.2 on NB0230 with PID 27780 (C:\bitbucket\OTP-Broker\target\classes started by kamshory in C:\bitbucket\OTP-Broker)
[DEBUG  ] 2021-06-12 12:03:26.318 [restartedMain] OTPApplication                 : Running with Spring Boot v2.4.4, Spring v5.3.5
[INFO   ] 2021-06-12 12:03:26.318 [restartedMain] OTPApplication                 : No active profile set, falling back to default profiles: default
[INFO   ] 2021-06-12 12:03:26.691 [Thread-19    ] WebSocketClient                : Connecting...
[INFO   ] 2021-06-12 12:03:26.764 [restartedMain] GSM                            : Constructor GSM called
[INFO   ] 2021-06-12 12:03:26.770 [restartedMain] WebSocketClient                : Default constructor
[INFO   ] 2021-06-12 12:03:28.590 [Thread-4     ] WebSocketClient                : Connecting...
[INFO   ] 2021-06-12 12:03:29.476 [Thread-13    ] WebSocketClient                : Connecting...
[INFO   ] 2021-06-12 12:03:35.661 [restartedMain] OTPApplication                 : Starting OTPApplication using Java 14.0.2 on NB0230 with PID 27780 (C:\bitbucket\OTP-Broker\target\classes started by kamshory in C:\bitbucket\OTP-Broker)
[DEBUG  ] 2021-06-12 12:03:35.662 [restartedMain] OTPApplication                 : Running with Spring Boot v2.4.4, Spring v5.3.5
[INFO   ] 2021-06-12 12:03:35.662 [restartedMain] OTPApplication                 : No active profile set, falling back to default profiles: default
[INFO   ] 2021-06-12 12:03:35.703 [Thread-19    ] WebSocketClient                : Connecting...
[INFO   ] 2021-06-12 12:03:36.156 [restartedMain] GSM                            : Constructor GSM called
[INFO   ] 2021-06-12 12:03:36.164 [restartedMain] WebSocketClient                : Default constructor
[INFO   ] 2021-06-12 12:03:37.601 [Thread-4     ] WebSocketClient                : Connecting...
[INFO   ] 2021-06-12 12:03:38.494 [Thread-13    ] WebSocketClient                : Connecting...
[INFO   ] 2021-06-12 12:03:41.226 [restartedMain] OTPApplication                 : Starting OTPApplication using Java 14.0.2 on NB0230 with PID 27780 (C:\bitbucket\OTP-Broker\target\classes started by kamshory in C:\bitbucket\OTP-Broker)
[DEBUG  ] 2021-06-12 12:03:41.228 [restartedMain] OTPApplication                 : Running with Spring Boot v2.4.4, Spring v5.3.5
[INFO   ] 2021-06-12 12:03:41.228 [restartedMain] OTPApplication                 : No active profile set, falling back to default profiles: default
[INFO   ] 2021-06-12 12:03:42.126 [restartedMain] GSM                            : Constructor GSM called
[INFO   ] 2021-06-12 12:03:42.135 [restartedMain] WebSocketClient                : Default constructor
[INFO   ] 2021-06-12 12:03:44.714 [Thread-19    ] WebSocketClient                : Connecting...
[INFO   ] 2021-06-12 12:03:46.610 [Thread-4     ] WebSocketClient                : Connecting...
[INFO   ] 2021-06-12 12:03:47.520 [Thread-13    ] WebSocketClient                : Connecting...
[INFO   ] 2021-06-12 12:03:53.723 [Thread-19    ] WebSocketClient                : Connecting...
[INFO   ] 2021-06-12 12:03:55.619 [Thread-4     ] WebSocketClient                : Connecting...
[INFO   ] 2021-06-12 12:03:56.532 [Thread-13    ] WebSocketClient                : Connecting...
[INFO   ] 2021-06-12 12:04:02.731 [Thread-19    ] WebSocketClient                : Connecting...
[INFO   ] 2021-06-12 12:04:04.625 [Thread-4     ] WebSocketClient                : Connecting...
[INFO   ] 2021-06-12 12:04:05.545 [Thread-13    ] WebSocketClient                : Connecting...
[INFO   ] 2021-06-12 12:04:11.739 [Thread-19    ] WebSocketClient                : Connecting...
[INFO   ] 2021-06-12 12:04:13.634 [Thread-4     ] WebSocketClient                : Connecting...
[INFO   ] 2021-06-12 12:04:14.557 [Thread-13    ] WebSocketClient                : Connecting...
[INFO   ] 2021-06-12 12:04:20.752 [Thread-19    ] WebSocketClient                : Connecting...
[INFO   ] 2021-06-12 12:04:22.643 [Thread-4     ] WebSocketClient                : Connecting...
[INFO   ] 2021-06-12 12:04:23.566 [Thread-13    ] WebSocketClient                : Connecting...
[INFO   ] 2021-06-12 12:04:29.760 [Thread-19    ] WebSocketClient                : Connecting...
[INFO   ] 2021-06-12 12:04:31.653 [Thread-4     ] WebSocketClient                : Connecting...
[INFO   ] 2021-06-12 12:04:32.575 [Thread-13    ] WebSocketClient                : Connecting...
[INFO   ] 2021-06-12 12:04:38.771 [Thread-19    ] WebSocketClient                : Connecting...
[INFO   ] 2021-06-12 12:04:40.661 [Thread-4     ] WebSocketClient                : Connecting...
[INFO   ] 2021-06-12 12:04:41.583 [Thread-13    ] WebSocketClient                : Connecting...
[INFO   ] 2021-06-12 12:04:47.787 [Thread-19    ] WebSocketClient                : Connecting...
[INFO   ] 2021-06-12 12:04:49.669 [Thread-4     ] WebSocketClient                : Connecting...
[INFO   ] 2021-06-12 12:04:50.597 [Thread-13    ] WebSocketClient                : Connecting...
[INFO   ] 2021-06-12 12:04:51.405 [restartedMain] OTPApplication                 : Starting OTPApplication using Java 14.0.2 on NB0230 with PID 27780 (C:\bitbucket\OTP-Broker\target\classes started by kamshory in C:\bitbucket\OTP-Broker)
[DEBUG  ] 2021-06-12 12:04:51.407 [restartedMain] OTPApplication                 : Running with Spring Boot v2.4.4, Spring v5.3.5
[INFO   ] 2021-06-12 12:04:51.408 [restartedMain] OTPApplication                 : No active profile set, falling back to default profiles: default
[INFO   ] 2021-06-12 12:05:23.259 [restartedMain] OTPApplication                 : Starting OTPApplication using Java 14.0.2 on NB0230 with PID 24784 (C:\bitbucket\OTP-Broker\target\classes started by kamshory in C:\bitbucket\OTP-Broker)
[DEBUG  ] 2021-06-12 12:05:23.283 [restartedMain] OTPApplication                 : Running with Spring Boot v2.4.4, Spring v5.3.5
[INFO   ] 2021-06-12 12:05:23.285 [restartedMain] OTPApplication                 : No active profile set, falling back to default profiles: default
[INFO   ] 2021-06-12 12:05:27.069 [restartedMain] GSM                            : Constructor GSM called
[INFO   ] 2021-06-12 12:05:27.087 [restartedMain] WebSocketClient                : Default constructor
[INFO   ] 2021-06-12 12:05:27.125 [restartedMain] ServerWebManager               : Init...
[INFO   ] 2021-06-12 12:05:27.133 [restartedMain] GSM                            : INIT port : /dev/tty
[INFO   ] 2021-06-12 12:05:27.133 [Thread-4     ] WebSocketClient                : Connecting...
[INFO   ] 2021-06-12 12:05:27.388 [restartedMain] ServerWebSocket                : Init...
[INFO   ] 2021-06-12 12:05:27.583 [restartedMain] ServerWebSocket                : Init...
[INFO   ] 2021-06-12 12:05:28.869 [restartedMain] OTPApplication                 : Started OTPApplication in 6.422 seconds (JVM running for 9.068)
[INFO   ] 2021-06-12 12:05:30.001 [scheduling-1 ] ServerScheduler                : Run...
[INFO   ] 2021-06-12 12:05:34.818 [restartedMain] OTPApplication                 : Starting OTPApplication using Java 14.0.2 on NB0230 with PID 24784 (C:\bitbucket\OTP-Broker\target\classes started by kamshory in C:\bitbucket\OTP-Broker)
[DEBUG  ] 2021-06-12 12:05:34.820 [restartedMain] OTPApplication                 : Running with Spring Boot v2.4.4, Spring v5.3.5
[INFO   ] 2021-06-12 12:05:34.820 [restartedMain] OTPApplication                 : No active profile set, falling back to default profiles: default
[INFO   ] 2021-06-12 12:05:36.273 [Thread-4     ] WebSocketClient                : Connecting...
[INFO   ] 2021-06-12 12:05:36.390 [restartedMain] GSM                            : Constructor GSM called
[INFO   ] 2021-06-12 12:05:36.405 [restartedMain] WebSocketClient                : Default constructor
[INFO   ] 2021-06-12 12:05:36.428 [restartedMain] ServerWebManager               : Init...
[INFO   ] 2021-06-12 12:05:36.439 [restartedMain] GSM                            : INIT port : /dev/tty
[INFO   ] 2021-06-12 12:05:36.439 [Thread-13    ] WebSocketClient                : Connecting...
[INFO   ] 2021-06-12 12:05:36.656 [restartedMain] ServerWebSocket                : Init...
[INFO   ] 2021-06-12 12:05:36.715 [restartedMain] ServerWebSocket                : Init...
[INFO   ] 2021-06-12 12:05:37.335 [restartedMain] OTPApplication                 : Started OTPApplication in 2.96 seconds (JVM running for 17.533)
[INFO   ] 2021-06-12 12:05:39.517 [restartedMain] OTPApplication                 : Starting OTPApplication using Java 14.0.2 on NB0230 with PID 24784 (C:\bitbucket\OTP-Broker\target\classes started by kamshory in C:\bitbucket\OTP-Broker)
[DEBUG  ] 2021-06-12 12:05:39.518 [restartedMain] OTPApplication                 : Running with Spring Boot v2.4.4, Spring v5.3.5
[INFO   ] 2021-06-12 12:05:39.518 [restartedMain] OTPApplication                 : No active profile set, falling back to default profiles: default
[INFO   ] 2021-06-12 12:05:40.110 [restartedMain] GSM                            : Constructor GSM called
[INFO   ] 2021-06-12 12:05:40.119 [restartedMain] WebSocketClient                : Default constructor
[INFO   ] 2021-06-12 12:05:40.129 [restartedMain] ServerWebManager               : Init...
[INFO   ] 2021-06-12 12:05:40.137 [restartedMain] GSM                            : INIT port : /dev/tty
[INFO   ] 2021-06-12 12:05:40.137 [Thread-19    ] WebSocketClient                : Connecting...
[INFO   ] 2021-06-12 12:05:40.346 [restartedMain] ServerWebSocket                : Init...
[INFO   ] 2021-06-12 12:05:40.382 [restartedMain] ServerWebSocket                : Init...
[INFO   ] 2021-06-12 12:05:40.751 [restartedMain] OTPApplication                 : Started OTPApplication in 1.361 seconds (JVM running for 20.95)
[INFO   ] 2021-06-12 12:05:45.286 [Thread-4     ] WebSocketClient                : Connecting...
[INFO   ] 2021-06-12 12:05:45.462 [Thread-13    ] WebSocketClient                : Connecting...
[INFO   ] 2021-06-12 12:05:49.152 [Thread-19    ] WebSocketClient                : Connecting...
[INFO   ] 2021-06-12 12:05:50.001 [scheduling-1 ] ServerScheduler                : Run...
[INFO   ] 2021-06-12 12:05:54.305 [Thread-4     ] WebSocketClient                : Connecting...
[INFO   ] 2021-06-12 12:05:54.473 [Thread-13    ] WebSocketClient                : Connecting...
[INFO   ] 2021-06-12 12:05:58.166 [Thread-19    ] WebSocketClient                : Connecting...
[INFO   ] 2021-06-12 12:06:00.000 [scheduling-1 ] ServerScheduler                : Run...
[INFO   ] 2021-06-12 12:06:03.320 [Thread-4     ] WebSocketClient                : Connecting...
[INFO   ] 2021-06-12 12:06:03.482 [Thread-13    ] WebSocketClient                : Connecting...
[INFO   ] 2021-06-12 12:06:07.181 [Thread-19    ] WebSocketClient                : Connecting...
[INFO   ] 2021-06-12 12:06:10.002 [scheduling-1 ] ServerScheduler                : Run...
[INFO   ] 2021-06-12 12:06:12.337 [Thread-4     ] WebSocketClient                : Connecting...
[INFO   ] 2021-06-12 12:06:12.492 [Thread-13    ] WebSocketClient                : Connecting...
[INFO   ] 2021-06-12 12:06:16.192 [Thread-19    ] WebSocketClient                : Connecting...
[INFO   ] 2021-06-12 12:06:20.001 [scheduling-1 ] ServerScheduler                : Run...
[INFO   ] 2021-06-12 12:06:21.351 [Thread-4     ] WebSocketClient                : Connecting...
[INFO   ] 2021-06-12 12:06:21.520 [Thread-13    ] WebSocketClient                : Connecting...
[INFO   ] 2021-06-12 12:06:25.212 [Thread-19    ] WebSocketClient                : Connecting...
[INFO   ] 2021-06-12 12:06:30.002 [scheduling-1 ] ServerScheduler                : Run...
[INFO   ] 2021-06-12 12:06:30.362 [Thread-4     ] WebSocketClient                : Connecting...
[INFO   ] 2021-06-12 12:06:30.538 [Thread-13    ] WebSocketClient                : Connecting...
[INFO   ] 2021-06-12 12:06:34.240 [Thread-19    ] WebSocketClient                : Connecting...
[INFO   ] 2021-06-12 12:06:39.376 [Thread-4     ] WebSocketClient                : Connecting...
[INFO   ] 2021-06-12 12:06:39.556 [Thread-13    ] WebSocketClient                : Connecting...
[INFO   ] 2021-06-12 12:06:40.000 [scheduling-1 ] ServerScheduler                : Run...
[INFO   ] 2021-06-12 12:06:50.001 [scheduling-1 ] ServerScheduler                : Run...
[INFO   ] 2021-06-12 12:07:00.002 [scheduling-1 ] ServerScheduler                : Run...
[INFO   ] 2021-06-12 12:07:07.662 [WebSocketClient-AsyncIO-1] GSM                            : Result : 
[INFO   ] 2021-06-12 12:07:07.664 [WebSocketClient-AsyncIO-2] GSM                            : Result : 
[INFO   ] 2021-06-12 12:07:07.664 [WebSocketClient-AsyncIO-3] GSM                            : Result : 
[INFO   ] 2021-06-12 12:07:08.163 [WebSocketClient-AsyncIO-1] GSM                            : Result : 
[INFO   ] 2021-06-12 12:07:08.166 [WebSocketClient-AsyncIO-3] GSM                            : Result : 
[INFO   ] 2021-06-12 12:07:08.166 [WebSocketClient-AsyncIO-2] GSM                            : Result : 
[INFO   ] 2021-06-12 12:07:08.665 [WebSocketClient-AsyncIO-1] GSM                            : Result : 
[INFO   ] 2021-06-12 12:07:08.667 [WebSocketClient-AsyncIO-3] GSM                            : Result : 
[INFO   ] 2021-06-12 12:07:08.667 [WebSocketClient-AsyncIO-2] GSM                            : Result : 
[INFO   ] 2021-06-12 12:07:09.668 [WebSocketClient-AsyncIO-1] GSM                            : Result : 
[INFO   ] 2021-06-12 12:07:09.668 [WebSocketClient-AsyncIO-2] GSM                            : Result : 
[INFO   ] 2021-06-12 12:07:09.668 [WebSocketClient-AsyncIO-3] GSM                            : Result : 
[INFO   ] 2021-06-12 12:07:10.002 [scheduling-1 ] ServerScheduler                : Run...
[INFO   ] 2021-06-12 12:07:10.671 [WebSocketClient-AsyncIO-2] GSM                            : Result : 
[INFO   ] 2021-06-12 12:07:10.671 [WebSocketClient-AsyncIO-1] GSM                            : Result : 
[INFO   ] 2021-06-12 12:07:10.671 [WebSocketClient-AsyncIO-3] GSM                            : Result : 
[INFO   ] 2021-06-12 12:07:15.678 [WebSocketClient-AsyncIO-2] GSM                            : Result : 
[INFO   ] 2021-06-12 12:07:15.678 [WebSocketClient-AsyncIO-3] GSM                            : Result : 
[INFO   ] 2021-06-12 12:07:15.678 [WebSocketClient-AsyncIO-1] GSM                            : Result : 
[INFO   ] 2021-06-12 12:07:20.000 [scheduling-1 ] ServerScheduler                : Run...
[INFO   ] 2021-06-12 12:07:30.001 [scheduling-1 ] ServerScheduler                : Run...
[INFO   ] 2021-06-12 12:07:40.001 [scheduling-1 ] ServerScheduler                : Run...
[INFO   ] 2021-06-12 12:07:50.001 [scheduling-1 ] ServerScheduler                : Run...
[INFO   ] 2021-06-12 12:08:00.001 [scheduling-1 ] ServerScheduler                : Run...
[INFO   ] 2021-06-12 12:08:10.002 [scheduling-1 ] ServerScheduler                : Run...
[INFO   ] 2021-06-12 12:08:11.002 [restartedMain] OTPApplication                 : Starting OTPApplication using Java 14.0.2 on NB0230 with PID 24784 (C:\bitbucket\OTP-Broker\target\classes started by kamshory in C:\bitbucket\OTP-Broker)
[DEBUG  ] 2021-06-12 12:08:11.003 [restartedMain] OTPApplication                 : Running with Spring Boot v2.4.4, Spring v5.3.5
[INFO   ] 2021-06-12 12:08:11.003 [restartedMain] OTPApplication                 : No active profile set, falling back to default profiles: default
[INFO   ] 2021-06-12 12:08:11.391 [restartedMain] GSM                            : Constructor GSM called
[INFO   ] 2021-06-12 12:08:11.396 [restartedMain] WebSocketClient                : Default constructor
[INFO   ] 2021-06-12 12:08:11.404 [restartedMain] ServerWebManager               : Init...
[INFO   ] 2021-06-12 12:08:11.411 [restartedMain] GSM                            : INIT port : /dev/tty
[INFO   ] 2021-06-12 12:08:11.411 [Thread-29    ] WebSocketClient                : Connecting...
[INFO   ] 2021-06-12 12:08:11.622 [restartedMain] ServerWebSocket                : Init...
[INFO   ] 2021-06-12 12:08:11.645 [restartedMain] ServerWebSocket                : Init...
[INFO   ] 2021-06-12 12:08:11.821 [restartedMain] OTPApplication                 : Started OTPApplication in 0.883 seconds (JVM running for 172.019)
[INFO   ] 2021-06-12 12:08:18.995 [restartedMain] OTPApplication                 : Starting OTPApplication using Java 14.0.2 on NB0230 with PID 24784 (C:\bitbucket\OTP-Broker\target\classes started by kamshory in C:\bitbucket\OTP-Broker)
[DEBUG  ] 2021-06-12 12:08:18.996 [restartedMain] OTPApplication                 : Running with Spring Boot v2.4.4, Spring v5.3.5
[INFO   ] 2021-06-12 12:08:18.996 [restartedMain] OTPApplication                 : No active profile set, falling back to default profiles: default
[INFO   ] 2021-06-12 12:08:19.387 [restartedMain] GSM                            : Constructor GSM called
[INFO   ] 2021-06-12 12:08:19.392 [restartedMain] WebSocketClient                : Default constructor
[INFO   ] 2021-06-12 12:08:19.399 [restartedMain] ServerWebManager               : Init...
[INFO   ] 2021-06-12 12:08:19.403 [restartedMain] GSM                            : INIT port : /dev/tty
[INFO   ] 2021-06-12 12:08:19.403 [Thread-35    ] WebSocketClient                : Connecting...
[INFO   ] 2021-06-12 12:08:19.611 [restartedMain] ServerWebSocket                : Init...
[INFO   ] 2021-06-12 12:08:19.629 [restartedMain] ServerWebSocket                : Init...
[INFO   ] 2021-06-12 12:08:19.836 [restartedMain] OTPApplication                 : Started OTPApplication in 0.929 seconds (JVM running for 180.035)
[INFO   ] 2021-06-12 12:08:20.001 [scheduling-1 ] ServerScheduler                : Run...
[INFO   ] 2021-06-12 12:08:23.955 [restartedMain] OTPApplication                 : Starting OTPApplication using Java 14.0.2 on NB0230 with PID 24784 (C:\bitbucket\OTP-Broker\target\classes started by kamshory in C:\bitbucket\OTP-Broker)
[DEBUG  ] 2021-06-12 12:08:23.957 [restartedMain] OTPApplication                 : Running with Spring Boot v2.4.4, Spring v5.3.5
[INFO   ] 2021-06-12 12:08:23.957 [restartedMain] OTPApplication                 : No active profile set, falling back to default profiles: default
[INFO   ] 2021-06-12 12:08:24.304 [restartedMain] GSM                            : Constructor GSM called
[INFO   ] 2021-06-12 12:08:24.310 [restartedMain] WebSocketClient                : Default constructor
[INFO   ] 2021-06-12 12:08:24.317 [restartedMain] ServerWebManager               : Init...
[INFO   ] 2021-06-12 12:08:24.321 [restartedMain] GSM                            : INIT port : /dev/tty
[INFO   ] 2021-06-12 12:08:24.322 [Thread-41    ] WebSocketClient                : Connecting...
[INFO   ] 2021-06-12 12:08:24.527 [restartedMain] ServerWebSocket                : Init...
[INFO   ] 2021-06-12 12:08:24.544 [restartedMain] ServerWebSocket                : Init...
[INFO   ] 2021-06-12 12:08:24.751 [restartedMain] OTPApplication                 : Started OTPApplication in 0.844 seconds (JVM running for 184.95)
[INFO   ] 2021-06-12 12:08:27.875 [restartedMain] OTPApplication                 : Starting OTPApplication using Java 14.0.2 on NB0230 with PID 24784 (C:\bitbucket\OTP-Broker\target\classes started by kamshory in C:\bitbucket\OTP-Broker)
[DEBUG  ] 2021-06-12 12:08:27.875 [restartedMain] OTPApplication                 : Running with Spring Boot v2.4.4, Spring v5.3.5
[INFO   ] 2021-06-12 12:08:27.876 [restartedMain] OTPApplication                 : No active profile set, falling back to default profiles: default
[INFO   ] 2021-06-12 12:08:28.164 [restartedMain] GSM                            : Constructor GSM called
[INFO   ] 2021-06-12 12:08:28.168 [restartedMain] WebSocketClient                : Default constructor
[INFO   ] 2021-06-12 12:08:28.173 [restartedMain] ServerWebManager               : Init...
[INFO   ] 2021-06-12 12:08:28.176 [restartedMain] GSM                            : INIT port : /dev/tty
[INFO   ] 2021-06-12 12:08:28.177 [Thread-47    ] WebSocketClient                : Connecting...
[INFO   ] 2021-06-12 12:08:28.382 [restartedMain] ServerWebSocket                : Init...
[INFO   ] 2021-06-12 12:08:28.396 [restartedMain] ServerWebSocket                : Init...
[INFO   ] 2021-06-12 12:08:28.520 [restartedMain] OTPApplication                 : Started OTPApplication in 0.705 seconds (JVM running for 188.719)
[INFO   ] 2021-06-12 12:08:30.002 [scheduling-1 ] ServerScheduler                : Run...
[INFO   ] 2021-06-12 12:08:40.001 [scheduling-1 ] ServerScheduler                : Run...
[INFO   ] 2021-06-12 12:08:40.741 [restartedMain] OTPApplication                 : Starting OTPApplication using Java 14.0.2 on NB0230 with PID 24784 (C:\bitbucket\OTP-Broker\target\classes started by kamshory in C:\bitbucket\OTP-Broker)
[DEBUG  ] 2021-06-12 12:08:40.743 [restartedMain] OTPApplication                 : Running with Spring Boot v2.4.4, Spring v5.3.5
[INFO   ] 2021-06-12 12:08:40.743 [restartedMain] OTPApplication                 : No active profile set, falling back to default profiles: default
[INFO   ] 2021-06-12 12:08:41.352 [restartedMain] GSM                            : Constructor GSM called
[INFO   ] 2021-06-12 12:08:41.362 [restartedMain] WebSocketClient                : Default constructor
[INFO   ] 2021-06-12 12:08:41.375 [restartedMain] ServerWebManager               : Init...
[INFO   ] 2021-06-12 12:08:41.382 [restartedMain] GSM                            : INIT port : /dev/tty
[INFO   ] 2021-06-12 12:08:41.384 [Thread-53    ] WebSocketClient                : Connecting...
[INFO   ] 2021-06-12 12:08:41.615 [restartedMain] ServerWebSocket                : Init...
[INFO   ] 2021-06-12 12:08:41.669 [restartedMain] ServerWebSocket                : Init...
[INFO   ] 2021-06-12 12:08:42.010 [restartedMain] OTPApplication                 : Started OTPApplication in 1.373 seconds (JVM running for 202.208)
[INFO   ] 2021-06-12 12:08:49.564 [WebSocketClient-AsyncIO-3] GSM                            : Result : 
[INFO   ] 2021-06-12 12:08:49.567 [WebSocketClient-AsyncIO-1] GSM                            : Result : 
[INFO   ] 2021-06-12 12:08:49.567 [WebSocketClient-AsyncIO-2] GSM                            : Result : 
[INFO   ] 2021-06-12 12:08:49.569 [WebSocketClient-AsyncIO-4] GSM                            : Result : 
[INFO   ] 2021-06-12 12:08:49.570 [WebSocketClient-AsyncIO-5] GSM                            : Result : 
[INFO   ] 2021-06-12 12:08:49.572 [WebSocketClient-AsyncIO-6] GSM                            : Result : 
[INFO   ] 2021-06-12 12:08:49.578 [WebSocketClient-AsyncIO-7] GSM                            : Result : 
[INFO   ] 2021-06-12 12:08:49.579 [WebSocketClient-AsyncIO-8] GSM                            : Result : 
[INFO   ] 2021-06-12 12:08:50.001 [scheduling-1 ] ServerScheduler                : Run...
[INFO   ] 2021-06-12 12:08:50.064 [WebSocketClient-AsyncIO-3] GSM                            : Result : 
[INFO   ] 2021-06-12 12:08:50.067 [WebSocketClient-AsyncIO-2] GSM                            : Result : 
[INFO   ] 2021-06-12 12:08:50.067 [WebSocketClient-AsyncIO-1] GSM                            : Result : 
[INFO   ] 2021-06-12 12:08:50.069 [WebSocketClient-AsyncIO-4] GSM                            : Result : 
[INFO   ] 2021-06-12 12:08:50.070 [WebSocketClient-AsyncIO-5] GSM                            : Result : 
[INFO   ] 2021-06-12 12:08:50.072 [WebSocketClient-AsyncIO-6] GSM                            : Result : 
[INFO   ] 2021-06-12 12:08:50.078 [WebSocketClient-AsyncIO-7] GSM                            : Result : 
[INFO   ] 2021-06-12 12:08:50.079 [WebSocketClient-AsyncIO-8] GSM                            : Result : 
[INFO   ] 2021-06-12 12:08:50.565 [WebSocketClient-AsyncIO-3] GSM                            : Result : 
[INFO   ] 2021-06-12 12:08:50.568 [WebSocketClient-AsyncIO-2] GSM                            : Result : 
[INFO   ] 2021-06-12 12:08:50.568 [WebSocketClient-AsyncIO-1] GSM                            : Result : 
[INFO   ] 2021-06-12 12:08:50.569 [WebSocketClient-AsyncIO-4] GSM                            : Result : 
[INFO   ] 2021-06-12 12:08:50.570 [WebSocketClient-AsyncIO-5] GSM                            : Result : 
[INFO   ] 2021-06-12 12:08:50.572 [WebSocketClient-AsyncIO-6] GSM                            : Result : 
[INFO   ] 2021-06-12 12:08:50.579 [WebSocketClient-AsyncIO-7] GSM                            : Result : 
[INFO   ] 2021-06-12 12:08:50.580 [WebSocketClient-AsyncIO-8] GSM                            : Result : 
[INFO   ] 2021-06-12 12:08:51.567 [WebSocketClient-AsyncIO-3] GSM                            : Result : 
[INFO   ] 2021-06-12 12:08:51.571 [WebSocketClient-AsyncIO-2] GSM                            : Result : 
[INFO   ] 2021-06-12 12:08:51.571 [WebSocketClient-AsyncIO-4] GSM                            : Result : 
[INFO   ] 2021-06-12 12:08:51.571 [WebSocketClient-AsyncIO-1] GSM                            : Result : 
[INFO   ] 2021-06-12 12:08:51.572 [WebSocketClient-AsyncIO-5] GSM                            : Result : 
[INFO   ] 2021-06-12 12:08:51.574 [WebSocketClient-AsyncIO-6] GSM                            : Result : 
[INFO   ] 2021-06-12 12:08:51.580 [WebSocketClient-AsyncIO-7] GSM                            : Result : 
[INFO   ] 2021-06-12 12:08:51.582 [WebSocketClient-AsyncIO-8] GSM                            : Result : 
[INFO   ] 2021-06-12 12:08:52.568 [WebSocketClient-AsyncIO-3] GSM                            : Result : 
[INFO   ] 2021-06-12 12:08:52.572 [WebSocketClient-AsyncIO-4] GSM                            : Result : 
[INFO   ] 2021-06-12 12:08:52.572 [WebSocketClient-AsyncIO-2] GSM                            : Result : 
[INFO   ] 2021-06-12 12:08:52.572 [WebSocketClient-AsyncIO-1] GSM                            : Result : 
[INFO   ] 2021-06-12 12:08:52.573 [WebSocketClient-AsyncIO-5] GSM                            : Result : 
[INFO   ] 2021-06-12 12:08:52.575 [WebSocketClient-AsyncIO-6] GSM                            : Result : 
[INFO   ] 2021-06-12 12:08:52.582 [WebSocketClient-AsyncIO-7] GSM                            : Result : 
[INFO   ] 2021-06-12 12:08:52.583 [WebSocketClient-AsyncIO-8] GSM                            : Result : 
[INFO   ] 2021-06-12 12:08:57.576 [WebSocketClient-AsyncIO-3] GSM                            : Result : 
[INFO   ] 2021-06-12 12:08:57.577 [WebSocketClient-AsyncIO-2] GSM                            : Result : 
[INFO   ] 2021-06-12 12:08:57.578 [WebSocketClient-AsyncIO-4] GSM                            : Result : 
[INFO   ] 2021-06-12 12:08:57.579 [WebSocketClient-AsyncIO-5] GSM                            : Result : 
[INFO   ] 2021-06-12 12:08:57.580 [WebSocketClient-AsyncIO-1] GSM                            : Result : 
[INFO   ] 2021-06-12 12:08:57.582 [WebSocketClient-AsyncIO-6] GSM                            : Result : 
[INFO   ] 2021-06-12 12:08:57.588 [WebSocketClient-AsyncIO-7] GSM                            : Result : 
[INFO   ] 2021-06-12 12:08:57.589 [WebSocketClient-AsyncIO-8] GSM                            : Result : 
[INFO   ] 2021-06-12 12:08:58.077 [WebSocketClient-AsyncIO-2] GSM                            : Result : 
[INFO   ] 2021-06-12 12:08:58.078 [WebSocketClient-AsyncIO-4] GSM                            : Result : 
[INFO   ] 2021-06-12 12:08:58.079 [WebSocketClient-AsyncIO-5] GSM                            : Result : 
[INFO   ] 2021-06-12 12:08:58.080 [WebSocketClient-AsyncIO-3] GSM                            : Result : 
[INFO   ] 2021-06-12 12:08:58.080 [WebSocketClient-AsyncIO-1] GSM                            : Result : 
[INFO   ] 2021-06-12 12:08:58.082 [WebSocketClient-AsyncIO-6] GSM                            : Result : 
[INFO   ] 2021-06-12 12:08:58.089 [WebSocketClient-AsyncIO-8] GSM                            : Result : 
[INFO   ] 2021-06-12 12:08:58.089 [WebSocketClient-AsyncIO-7] GSM                            : Result : 
[INFO   ] 2021-06-12 12:08:58.577 [WebSocketClient-AsyncIO-2] GSM                            : Result : 
[INFO   ] 2021-06-12 12:08:58.578 [WebSocketClient-AsyncIO-4] GSM                            : Result : 
[INFO   ] 2021-06-12 12:08:58.579 [WebSocketClient-AsyncIO-5] GSM                            : Result : 
[INFO   ] 2021-06-12 12:08:58.580 [WebSocketClient-AsyncIO-1] GSM                            : Result : 
[INFO   ] 2021-06-12 12:08:58.580 [WebSocketClient-AsyncIO-3] GSM                            : Result : 
[INFO   ] 2021-06-12 12:08:58.582 [WebSocketClient-AsyncIO-6] GSM                            : Result : 
[INFO   ] 2021-06-12 12:08:58.591 [WebSocketClient-AsyncIO-8] GSM                            : Result : 
[INFO   ] 2021-06-12 12:08:58.591 [WebSocketClient-AsyncIO-7] GSM                            : Result : 
[INFO   ] 2021-06-12 12:08:59.078 [WebSocketClient-AsyncIO-2] GSM                            : Result : 
[INFO   ] 2021-06-12 12:08:59.079 [WebSocketClient-AsyncIO-4] GSM                            : Result : 
[INFO   ] 2021-06-12 12:08:59.080 [WebSocketClient-AsyncIO-5] GSM                            : Result : 
[INFO   ] 2021-06-12 12:08:59.082 [WebSocketClient-AsyncIO-1] GSM                            : Result : 
[INFO   ] 2021-06-12 12:08:59.082 [WebSocketClient-AsyncIO-3] GSM                            : Result : 
[INFO   ] 2021-06-12 12:08:59.083 [WebSocketClient-AsyncIO-6] GSM                            : Result : 
[INFO   ] 2021-06-12 12:08:59.092 [WebSocketClient-AsyncIO-7] GSM                            : Result : 
[INFO   ] 2021-06-12 12:08:59.092 [WebSocketClient-AsyncIO-8] GSM                            : Result : 
[INFO   ] 2021-06-12 12:09:00.001 [scheduling-1 ] ServerScheduler                : Run...
[INFO   ] 2021-06-12 12:09:00.079 [WebSocketClient-AsyncIO-2] GSM                            : Result : 
[INFO   ] 2021-06-12 12:09:00.080 [WebSocketClient-AsyncIO-4] GSM                            : Result : 
[INFO   ] 2021-06-12 12:09:00.081 [WebSocketClient-AsyncIO-5] GSM                            : Result : 
[INFO   ] 2021-06-12 12:09:00.083 [WebSocketClient-AsyncIO-3] GSM                            : Result : 
[INFO   ] 2021-06-12 12:09:00.083 [WebSocketClient-AsyncIO-1] GSM                            : Result : 
[INFO   ] 2021-06-12 12:09:00.085 [WebSocketClient-AsyncIO-6] GSM                            : Result : 
[INFO   ] 2021-06-12 12:09:00.093 [WebSocketClient-AsyncIO-7] GSM                            : Result : 
[INFO   ] 2021-06-12 12:09:00.093 [WebSocketClient-AsyncIO-8] GSM                            : Result : 
[INFO   ] 2021-06-12 12:09:01.080 [WebSocketClient-AsyncIO-2] GSM                            : Result : 
[INFO   ] 2021-06-12 12:09:01.081 [WebSocketClient-AsyncIO-4] GSM                            : Result : 
[INFO   ] 2021-06-12 12:09:01.082 [WebSocketClient-AsyncIO-5] GSM                            : Result : 
[INFO   ] 2021-06-12 12:09:01.084 [WebSocketClient-AsyncIO-1] GSM                            : Result : 
[INFO   ] 2021-06-12 12:09:01.084 [WebSocketClient-AsyncIO-3] GSM                            : Result : 
[INFO   ] 2021-06-12 12:09:01.088 [WebSocketClient-AsyncIO-6] GSM                            : Result : 
[INFO   ] 2021-06-12 12:09:01.094 [WebSocketClient-AsyncIO-8] GSM                            : Result : 
[INFO   ] 2021-06-12 12:09:01.094 [WebSocketClient-AsyncIO-7] GSM                            : Result : 
[INFO   ] 2021-06-12 12:09:06.087 [WebSocketClient-AsyncIO-4] GSM                            : Result : 
[INFO   ] 2021-06-12 12:09:06.087 [WebSocketClient-AsyncIO-5] GSM                            : Result : 
[INFO   ] 2021-06-12 12:09:06.088 [WebSocketClient-AsyncIO-2] GSM                            : Result : 
[INFO   ] 2021-06-12 12:09:06.090 [WebSocketClient-AsyncIO-1] GSM                            : Result : 
[INFO   ] 2021-06-12 12:09:06.090 [WebSocketClient-AsyncIO-3] GSM                            : Result : 
[INFO   ] 2021-06-12 12:09:06.093 [WebSocketClient-AsyncIO-6] GSM                            : Result : 
[INFO   ] 2021-06-12 12:09:06.101 [WebSocketClient-AsyncIO-7] GSM                            : Result : 
[INFO   ] 2021-06-12 12:09:06.101 [WebSocketClient-AsyncIO-8] GSM                            : Result : 
[INFO   ] 2021-06-12 12:09:06.588 [WebSocketClient-AsyncIO-4] GSM                            : Result : 
[INFO   ] 2021-06-12 12:09:06.590 [WebSocketClient-AsyncIO-5] GSM                            : Result : 
[INFO   ] 2021-06-12 12:09:06.590 [WebSocketClient-AsyncIO-2] GSM                            : Result : 
[INFO   ] 2021-06-12 12:09:06.591 [WebSocketClient-AsyncIO-1] GSM                            : Result : 
[INFO   ] 2021-06-12 12:09:06.591 [WebSocketClient-AsyncIO-3] GSM                            : Result : 
[INFO   ] 2021-06-12 12:09:06.595 [WebSocketClient-AsyncIO-6] GSM                            : Result : 
[INFO   ] 2021-06-12 12:09:06.602 [WebSocketClient-AsyncIO-8] GSM                            : Result : 
[INFO   ] 2021-06-12 12:09:06.603 [WebSocketClient-AsyncIO-7] GSM                            : Result : 
[INFO   ] 2021-06-12 12:09:07.090 [WebSocketClient-AsyncIO-2] GSM                            : Result : 
[INFO   ] 2021-06-12 12:09:07.090 [WebSocketClient-AsyncIO-4] GSM                            : Result : 
[INFO   ] 2021-06-12 12:09:07.090 [WebSocketClient-AsyncIO-5] GSM                            : Result : 
[INFO   ] 2021-06-12 12:09:07.091 [WebSocketClient-AsyncIO-1] GSM                            : Result : 
[INFO   ] 2021-06-12 12:09:07.091 [WebSocketClient-AsyncIO-3] GSM                            : Result : 
[INFO   ] 2021-06-12 12:09:07.095 [WebSocketClient-AsyncIO-6] GSM                            : Result : 
[INFO   ] 2021-06-12 12:09:07.103 [WebSocketClient-AsyncIO-7] GSM                            : Result : 
[INFO   ] 2021-06-12 12:09:07.104 [WebSocketClient-AsyncIO-8] GSM                            : Result : 
[INFO   ] 2021-06-12 12:09:07.591 [WebSocketClient-AsyncIO-2] GSM                            : Result : 
[INFO   ] 2021-06-12 12:09:07.591 [WebSocketClient-AsyncIO-5] GSM                            : Result : 
[INFO   ] 2021-06-12 12:09:07.591 [WebSocketClient-AsyncIO-4] GSM                            : Result : 
[INFO   ] 2021-06-12 12:09:07.592 [WebSocketClient-AsyncIO-1] GSM                            : Result : 
[INFO   ] 2021-06-12 12:09:07.592 [WebSocketClient-AsyncIO-3] GSM                            : Result : 
[INFO   ] 2021-06-12 12:09:07.596 [WebSocketClient-AsyncIO-6] GSM                            : Result : 
[INFO   ] 2021-06-12 12:09:07.604 [WebSocketClient-AsyncIO-7] GSM                            : Result : 
[INFO   ] 2021-06-12 12:09:07.605 [WebSocketClient-AsyncIO-8] GSM                            : Result : 
[INFO   ] 2021-06-12 12:09:08.592 [WebSocketClient-AsyncIO-2] GSM                            : Result : 
[INFO   ] 2021-06-12 12:09:08.593 [WebSocketClient-AsyncIO-5] GSM                            : Result : 
[INFO   ] 2021-06-12 12:09:08.593 [WebSocketClient-AsyncIO-1] GSM                            : Result : 
[INFO   ] 2021-06-12 12:09:08.593 [WebSocketClient-AsyncIO-4] GSM                            : Result : 
[INFO   ] 2021-06-12 12:09:08.593 [WebSocketClient-AsyncIO-3] GSM                            : Result : 
[INFO   ] 2021-06-12 12:09:08.597 [WebSocketClient-AsyncIO-6] GSM                            : Result : 
[INFO   ] 2021-06-12 12:09:08.606 [WebSocketClient-AsyncIO-7] GSM                            : Result : 
[INFO   ] 2021-06-12 12:09:08.606 [WebSocketClient-AsyncIO-8] GSM                            : Result : 
[INFO   ] 2021-06-12 12:09:09.593 [WebSocketClient-AsyncIO-2] GSM                            : Result : 
[INFO   ] 2021-06-12 12:09:09.594 [WebSocketClient-AsyncIO-5] GSM                            : Result : 
[INFO   ] 2021-06-12 12:09:09.594 [WebSocketClient-AsyncIO-3] GSM                            : Result : 
[INFO   ] 2021-06-12 12:09:09.594 [WebSocketClient-AsyncIO-4] GSM                            : Result : 
[INFO   ] 2021-06-12 12:09:09.594 [WebSocketClient-AsyncIO-1] GSM                            : Result : 
[INFO   ] 2021-06-12 12:09:09.598 [WebSocketClient-AsyncIO-6] GSM                            : Result : 
[INFO   ] 2021-06-12 12:09:09.608 [WebSocketClient-AsyncIO-7] GSM                            : Result : 
[INFO   ] 2021-06-12 12:09:09.608 [WebSocketClient-AsyncIO-8] GSM                            : Result : 
[INFO   ] 2021-06-12 12:09:10.002 [scheduling-1 ] ServerScheduler                : Run...
[INFO   ] 2021-06-12 12:09:14.601 [WebSocketClient-AsyncIO-2] GSM                            : Result : 
[INFO   ] 2021-06-12 12:09:14.601 [WebSocketClient-AsyncIO-5] GSM                            : Result : 
[INFO   ] 2021-06-12 12:09:14.601 [WebSocketClient-AsyncIO-1] GSM                            : Result : 
[INFO   ] 2021-06-12 12:09:14.601 [WebSocketClient-AsyncIO-3] GSM                            : Result : 
[INFO   ] 2021-06-12 12:09:14.601 [WebSocketClient-AsyncIO-4] GSM                            : Result : 
[INFO   ] 2021-06-12 12:09:14.604 [WebSocketClient-AsyncIO-6] GSM                            : Result : 
[INFO   ] 2021-06-12 12:09:14.615 [WebSocketClient-AsyncIO-8] GSM                            : Result : 
[INFO   ] 2021-06-12 12:09:14.615 [WebSocketClient-AsyncIO-7] GSM                            : Result : 
[INFO   ] 2021-06-12 12:09:15.103 [WebSocketClient-AsyncIO-2] GSM                            : Result : 
[INFO   ] 2021-06-12 12:09:15.103 [WebSocketClient-AsyncIO-4] GSM                            : Result : 
[INFO   ] 2021-06-12 12:09:15.103 [WebSocketClient-AsyncIO-1] GSM                            : Result : 
[INFO   ] 2021-06-12 12:09:15.103 [WebSocketClient-AsyncIO-3] GSM                            : Result : 
[INFO   ] 2021-06-12 12:09:15.103 [WebSocketClient-AsyncIO-5] GSM                            : Result : 
[INFO   ] 2021-06-12 12:09:15.104 [WebSocketClient-AsyncIO-6] GSM                            : Result : 
[INFO   ] 2021-06-12 12:09:15.115 [WebSocketClient-AsyncIO-8] GSM                            : Result : 
[INFO   ] 2021-06-12 12:09:15.115 [WebSocketClient-AsyncIO-7] GSM                            : Result : 
[INFO   ] 2021-06-12 12:09:15.604 [WebSocketClient-AsyncIO-1] GSM                            : Result : 
[INFO   ] 2021-06-12 12:09:15.604 [WebSocketClient-AsyncIO-3] GSM                            : Result : 
[INFO   ] 2021-06-12 12:09:15.604 [WebSocketClient-AsyncIO-2] GSM                            : Result : 
[INFO   ] 2021-06-12 12:09:15.604 [WebSocketClient-AsyncIO-4] GSM                            : Result : 
[INFO   ] 2021-06-12 12:09:15.604 [WebSocketClient-AsyncIO-5] GSM                            : Result : 
[INFO   ] 2021-06-12 12:09:15.605 [WebSocketClient-AsyncIO-6] GSM                            : Result : 
[INFO   ] 2021-06-12 12:09:15.616 [WebSocketClient-AsyncIO-8] GSM                            : Result : 
[INFO   ] 2021-06-12 12:09:15.616 [WebSocketClient-AsyncIO-7] GSM                            : Result : 
[INFO   ] 2021-06-12 12:09:16.105 [WebSocketClient-AsyncIO-6] GSM                            : Result : 
[INFO   ] 2021-06-12 12:09:16.105 [WebSocketClient-AsyncIO-3] GSM                            : Result : 
[INFO   ] 2021-06-12 12:09:16.106 [WebSocketClient-AsyncIO-4] GSM                            : Result : 
[INFO   ] 2021-06-12 12:09:16.106 [WebSocketClient-AsyncIO-1] GSM                            : Result : 
[INFO   ] 2021-06-12 12:09:16.107 [WebSocketClient-AsyncIO-2] GSM                            : Result : 
[INFO   ] 2021-06-12 12:09:16.107 [WebSocketClient-AsyncIO-5] GSM                            : Result : 
[INFO   ] 2021-06-12 12:09:16.118 [WebSocketClient-AsyncIO-7] GSM                            : Result : 
[INFO   ] 2021-06-12 12:09:16.118 [WebSocketClient-AsyncIO-8] GSM                            : Result : 
[INFO   ] 2021-06-12 12:09:17.106 [WebSocketClient-AsyncIO-4] GSM                            : Result : 
[INFO   ] 2021-06-12 12:09:17.106 [WebSocketClient-AsyncIO-1] GSM                            : Result : 
[INFO   ] 2021-06-12 12:09:17.106 [WebSocketClient-AsyncIO-3] GSM                            : Result : 
[INFO   ] 2021-06-12 12:09:17.107 [WebSocketClient-AsyncIO-2] GSM                            : Result : 
[INFO   ] 2021-06-12 12:09:17.107 [WebSocketClient-AsyncIO-6] GSM                            : Result : 
[INFO   ] 2021-06-12 12:09:17.107 [WebSocketClient-AsyncIO-5] GSM                            : Result : 
[INFO   ] 2021-06-12 12:09:17.120 [WebSocketClient-AsyncIO-7] GSM                            : Result : 
[INFO   ] 2021-06-12 12:09:17.120 [WebSocketClient-AsyncIO-8] GSM                            : Result : 
[INFO   ] 2021-06-12 12:09:18.108 [WebSocketClient-AsyncIO-4] GSM                            : Result : 
[INFO   ] 2021-06-12 12:09:18.108 [WebSocketClient-AsyncIO-3] GSM                            : Result : 
[INFO   ] 2021-06-12 12:09:18.108 [WebSocketClient-AsyncIO-1] GSM                            : Result : 
[INFO   ] 2021-06-12 12:09:18.109 [WebSocketClient-AsyncIO-6] GSM                            : Result : 
[INFO   ] 2021-06-12 12:09:18.109 [WebSocketClient-AsyncIO-2] GSM                            : Result : 
[INFO   ] 2021-06-12 12:09:18.109 [WebSocketClient-AsyncIO-5] GSM                            : Result : 
[INFO   ] 2021-06-12 12:09:18.121 [WebSocketClient-AsyncIO-8] GSM                            : Result : 
[INFO   ] 2021-06-12 12:09:18.121 [WebSocketClient-AsyncIO-7] GSM                            : Result : 
[INFO   ] 2021-06-12 12:09:20.001 [scheduling-1 ] ServerScheduler                : Run...
[INFO   ] 2021-06-12 12:09:30.438 [restartedMain] OTPApplication                 : Starting OTPApplication using Java 14.0.2 on NB0230 with PID 29100 (C:\bitbucket\OTP-Broker\target\classes started by kamshory in C:\bitbucket\OTP-Broker)
[DEBUG  ] 2021-06-12 12:09:30.459 [restartedMain] OTPApplication                 : Running with Spring Boot v2.4.4, Spring v5.3.5
[INFO   ] 2021-06-12 12:09:30.461 [restartedMain] OTPApplication                 : No active profile set, falling back to default profiles: default
[INFO   ] 2021-06-12 12:09:34.969 [restartedMain] GSM                            : Constructor GSM called
[INFO   ] 2021-06-12 12:09:34.999 [restartedMain] WebSocketClient                : Default constructor
[INFO   ] 2021-06-12 12:09:35.052 [restartedMain] ServerWebManager               : Init...
[INFO   ] 2021-06-12 12:09:35.069 [restartedMain] GSM                            : INIT port : /dev/tty
[INFO   ] 2021-06-12 12:09:35.073 [Thread-4     ] WebSocketClient                : Connecting...
[INFO   ] 2021-06-12 12:09:35.412 [restartedMain] ServerWebSocket                : Init...
[INFO   ] 2021-06-12 12:09:35.796 [restartedMain] ServerWebSocket                : Init...
[INFO   ] 2021-06-12 12:09:37.457 [restartedMain] OTPApplication                 : Started OTPApplication in 7.858 seconds (JVM running for 10.959)
[INFO   ] 2021-06-12 12:09:40.001 [scheduling-1 ] ServerScheduler                : Run...
[INFO   ] 2021-06-12 12:09:42.723 [WebSocketClient-AsyncIO-1] GSM                            : Result : 
[INFO   ] 2021-06-12 12:09:43.224 [WebSocketClient-AsyncIO-1] GSM                            : Result : 
[INFO   ] 2021-06-12 12:09:43.724 [WebSocketClient-AsyncIO-1] GSM                            : Result : 
[INFO   ] 2021-06-12 12:09:44.725 [WebSocketClient-AsyncIO-1] GSM                            : Result : 
[INFO   ] 2021-06-12 12:09:45.726 [WebSocketClient-AsyncIO-1] GSM                            : Result : 
[INFO   ] 2021-06-12 12:09:50.000 [scheduling-1 ] ServerScheduler                : Run...
[INFO   ] 2021-06-12 12:09:50.731 [WebSocketClient-AsyncIO-1] GSM                            : Result : 
[INFO   ] 2021-06-12 12:09:51.232 [WebSocketClient-AsyncIO-1] GSM                            : Result : 
[INFO   ] 2021-06-12 12:09:51.733 [WebSocketClient-AsyncIO-1] GSM                            : Result : 
[INFO   ] 2021-06-12 12:09:52.235 [WebSocketClient-AsyncIO-1] GSM                            : Result : 
[INFO   ] 2021-06-12 12:09:53.235 [WebSocketClient-AsyncIO-1] GSM                            : Result : 
[INFO   ] 2021-06-12 12:09:54.236 [WebSocketClient-AsyncIO-1] GSM                            : Result : 
[INFO   ] 2021-06-12 12:09:59.243 [WebSocketClient-AsyncIO-1] GSM                            : Result : 
[INFO   ] 2021-06-12 12:09:59.745 [WebSocketClient-AsyncIO-1] GSM                            : Result : 
[INFO   ] 2021-06-12 12:10:00.001 [scheduling-1 ] ServerScheduler                : Run...
[INFO   ] 2021-06-12 12:10:00.246 [WebSocketClient-AsyncIO-1] GSM                            : Result : 
[INFO   ] 2021-06-12 12:10:00.747 [WebSocketClient-AsyncIO-1] GSM                            : Result : 
[INFO   ] 2021-06-12 12:10:01.748 [WebSocketClient-AsyncIO-1] GSM                            : Result : 
[INFO   ] 2021-06-12 12:10:02.749 [WebSocketClient-AsyncIO-1] GSM                            : Result : 
[INFO   ] 2021-06-12 12:10:07.756 [WebSocketClient-AsyncIO-1] GSM                            : Result : 
[INFO   ] 2021-06-12 12:10:08.795 [WebSocketClient-AsyncIO-1] GSM                            : Result : 
[INFO   ] 2021-06-12 12:10:09.296 [WebSocketClient-AsyncIO-1] GSM                            : Result : 
[INFO   ] 2021-06-12 12:10:09.797 [WebSocketClient-AsyncIO-1] GSM                            : Result : 
[INFO   ] 2021-06-12 12:10:10.003 [scheduling-1 ] ServerScheduler                : Run...
[INFO   ] 2021-06-12 12:10:10.801 [WebSocketClient-AsyncIO-1] GSM                            : Result : 
[INFO   ] 2021-06-12 12:10:11.804 [WebSocketClient-AsyncIO-1] GSM                            : Result : 
[INFO   ] 2021-06-12 12:10:16.808 [WebSocketClient-AsyncIO-1] GSM                            : Result : 
[INFO   ] 2021-06-12 12:10:20.000 [scheduling-1 ] ServerScheduler                : Run...
[INFO   ] 2021-06-12 12:10:20.461 [WebSocketClient-AsyncIO-1] GSM                            : Result : 
[INFO   ] 2021-06-12 12:10:20.961 [WebSocketClient-AsyncIO-1] GSM                            : Result : 
[INFO   ] 2021-06-12 12:10:21.462 [WebSocketClient-AsyncIO-1] GSM                            : Result : 
[INFO   ] 2021-06-12 12:10:22.464 [WebSocketClient-AsyncIO-1] GSM                            : Result : 
[INFO   ] 2021-06-12 12:10:23.465 [WebSocketClient-AsyncIO-1] GSM                            : Result : 
[INFO   ] 2021-06-12 12:10:28.471 [WebSocketClient-AsyncIO-1] GSM                            : Result : 
[INFO   ] 2021-06-12 12:10:30.002 [scheduling-1 ] ServerScheduler                : Run...
[INFO   ] 2021-06-12 12:10:40.001 [scheduling-1 ] ServerScheduler                : Run...
[INFO   ] 2021-06-12 12:10:50.001 [scheduling-1 ] ServerScheduler                : Run...
[INFO   ] 2021-06-12 12:11:00.001 [scheduling-1 ] ServerScheduler                : Run...
[INFO   ] 2021-06-12 12:11:10.193 [restartedMain] OTPApplication                 : Starting OTPApplication using Java 14.0.2 on NB0230 with PID 29100 (C:\bitbucket\OTP-Broker\target\classes started by kamshory in C:\bitbucket\OTP-Broker)
[DEBUG  ] 2021-06-12 12:11:10.196 [restartedMain] OTPApplication                 : Running with Spring Boot v2.4.4, Spring v5.3.5
[INFO   ] 2021-06-12 12:11:10.197 [restartedMain] OTPApplication                 : No active profile set, falling back to default profiles: default
[INFO   ] 2021-06-12 12:11:11.816 [restartedMain] GSM                            : Constructor GSM called
[INFO   ] 2021-06-12 12:11:11.826 [restartedMain] WebSocketClient                : Default constructor
[INFO   ] 2021-06-12 12:11:11.850 [restartedMain] ServerWebManager               : Init...
[INFO   ] 2021-06-12 12:11:11.863 [restartedMain] GSM                            : INIT port : /dev/tty
[INFO   ] 2021-06-12 12:11:11.865 [Thread-15    ] WebSocketClient                : Connecting...
[INFO   ] 2021-06-12 12:11:12.080 [restartedMain] ServerWebSocket                : Init...
[INFO   ] 2021-06-12 12:11:12.162 [restartedMain] ServerWebSocket                : Init...
[INFO   ] 2021-06-12 12:11:12.590 [restartedMain] OTPApplication                 : Started OTPApplication in 2.796 seconds (JVM running for 106.091)
[INFO   ] 2021-06-12 12:11:16.709 [restartedMain] OTPApplication                 : Starting OTPApplication using Java 14.0.2 on NB0230 with PID 29100 (C:\bitbucket\OTP-Broker\target\classes started by kamshory in C:\bitbucket\OTP-Broker)
[DEBUG  ] 2021-06-12 12:11:16.710 [restartedMain] OTPApplication                 : Running with Spring Boot v2.4.4, Spring v5.3.5
[INFO   ] 2021-06-12 12:11:16.710 [restartedMain] OTPApplication                 : No active profile set, falling back to default profiles: default
[INFO   ] 2021-06-12 12:11:17.278 [restartedMain] GSM                            : Constructor GSM called
[INFO   ] 2021-06-12 12:11:17.284 [restartedMain] WebSocketClient                : Default constructor
[INFO   ] 2021-06-12 12:11:17.296 [restartedMain] ServerWebManager               : Init...
[INFO   ] 2021-06-12 12:11:17.302 [restartedMain] GSM                            : INIT port : /dev/tty
[INFO   ] 2021-06-12 12:11:17.302 [Thread-21    ] WebSocketClient                : Connecting...
[INFO   ] 2021-06-12 12:11:17.511 [restartedMain] ServerWebSocket                : Init...
[INFO   ] 2021-06-12 12:11:17.542 [restartedMain] ServerWebSocket                : Init...
[INFO   ] 2021-06-12 12:11:17.783 [restartedMain] OTPApplication                 : Started OTPApplication in 1.151 seconds (JVM running for 111.283)
[INFO   ] 2021-06-12 12:11:20.001 [scheduling-1 ] ServerScheduler                : Run...
[INFO   ] 2021-06-12 12:11:26.830 [restartedMain] OTPApplication                 : Starting OTPApplication using Java 14.0.2 on NB0230 with PID 29100 (C:\bitbucket\OTP-Broker\target\classes started by kamshory in C:\bitbucket\OTP-Broker)
[DEBUG  ] 2021-06-12 12:11:26.833 [restartedMain] OTPApplication                 : Running with Spring Boot v2.4.4, Spring v5.3.5
[INFO   ] 2021-06-12 12:11:26.834 [restartedMain] OTPApplication                 : No active profile set, falling back to default profiles: default
[INFO   ] 2021-06-12 12:11:27.899 [restartedMain] GSM                            : Constructor GSM called
[INFO   ] 2021-06-12 12:11:27.913 [restartedMain] WebSocketClient                : Default constructor
[INFO   ] 2021-06-12 12:11:27.931 [restartedMain] ServerWebManager               : Init...
[INFO   ] 2021-06-12 12:11:27.942 [restartedMain] GSM                            : INIT port : /dev/tty
[INFO   ] 2021-06-12 12:11:27.943 [Thread-27    ] WebSocketClient                : Connecting...
[INFO   ] 2021-06-12 12:11:28.158 [restartedMain] ServerWebSocket                : Init...
[INFO   ] 2021-06-12 12:11:28.209 [restartedMain] ServerWebSocket                : Init...
[INFO   ] 2021-06-12 12:11:28.677 [restartedMain] OTPApplication                 : Started OTPApplication in 2.413 seconds (JVM running for 122.179)
[INFO   ] 2021-06-12 12:11:30.002 [scheduling-1 ] ServerScheduler                : Run...
[INFO   ] 2021-06-12 12:11:30.815 [restartedMain] OTPApplication                 : Starting OTPApplication using Java 14.0.2 on NB0230 with PID 29100 (C:\bitbucket\OTP-Broker\target\classes started by kamshory in C:\bitbucket\OTP-Broker)
[DEBUG  ] 2021-06-12 12:11:30.816 [restartedMain] OTPApplication                 : Running with Spring Boot v2.4.4, Spring v5.3.5
[INFO   ] 2021-06-12 12:11:30.817 [restartedMain] OTPApplication                 : No active profile set, falling back to default profiles: default
[INFO   ] 2021-06-12 12:11:31.270 [restartedMain] GSM                            : Constructor GSM called
[INFO   ] 2021-06-12 12:11:31.278 [restartedMain] WebSocketClient                : Default constructor
[INFO   ] 2021-06-12 12:11:31.288 [restartedMain] ServerWebManager               : Init...
[INFO   ] 2021-06-12 12:11:31.296 [restartedMain] GSM                            : INIT port : /dev/tty
[INFO   ] 2021-06-12 12:11:31.296 [Thread-33    ] WebSocketClient                : Connecting...
[INFO   ] 2021-06-12 12:11:31.504 [restartedMain] ServerWebSocket                : Init...
[INFO   ] 2021-06-12 12:11:31.537 [restartedMain] ServerWebSocket                : Init...
[INFO   ] 2021-06-12 12:11:31.808 [restartedMain] OTPApplication                 : Started OTPApplication in 1.079 seconds (JVM running for 125.31)
[INFO   ] 2021-06-12 12:11:40.003 [scheduling-1 ] ServerScheduler                : Run...
[INFO   ] 2021-06-12 12:11:43.251 [restartedMain] OTPApplication                 : Starting OTPApplication using Java 14.0.2 on NB0230 with PID 29100 (C:\bitbucket\OTP-Broker\target\classes started by kamshory in C:\bitbucket\OTP-Broker)
[DEBUG  ] 2021-06-12 12:11:43.253 [restartedMain] OTPApplication                 : Running with Spring Boot v2.4.4, Spring v5.3.5
[INFO   ] 2021-06-12 12:11:43.254 [restartedMain] OTPApplication                 : No active profile set, falling back to default profiles: default
[INFO   ] 2021-06-12 12:11:44.802 [restartedMain] GSM                            : Constructor GSM called
[INFO   ] 2021-06-12 12:11:44.812 [restartedMain] WebSocketClient                : Default constructor
[INFO   ] 2021-06-12 12:11:44.829 [restartedMain] ServerWebManager               : Init...
[INFO   ] 2021-06-12 12:11:44.848 [restartedMain] GSM                            : INIT port : /dev/tty
[INFO   ] 2021-06-12 12:11:44.854 [Thread-39    ] WebSocketClient                : Connecting...
[INFO   ] 2021-06-12 12:11:45.063 [restartedMain] ServerWebSocket                : Init...
[INFO   ] 2021-06-12 12:11:45.125 [restartedMain] ServerWebSocket                : Init...
[INFO   ] 2021-06-12 12:11:45.618 [restartedMain] OTPApplication                 : Started OTPApplication in 2.6 seconds (JVM running for 139.119)
[INFO   ] 2021-06-12 12:11:50.000 [scheduling-1 ] ServerScheduler                : Run...
[INFO   ] 2021-06-12 12:12:00.002 [scheduling-1 ] ServerScheduler                : Run...
[INFO   ] 2021-06-12 12:12:10.001 [scheduling-1 ] ServerScheduler                : Run...
[INFO   ] 2021-06-12 12:12:10.795 [restartedMain] OTPApplication                 : Starting OTPApplication using Java 14.0.2 on NB0230 with PID 29100 (C:\bitbucket\OTP-Broker\target\classes started by kamshory in C:\bitbucket\OTP-Broker)
[DEBUG  ] 2021-06-12 12:12:10.796 [restartedMain] OTPApplication                 : Running with Spring Boot v2.4.4, Spring v5.3.5
[INFO   ] 2021-06-12 12:12:10.796 [restartedMain] OTPApplication                 : No active profile set, falling back to default profiles: default
[INFO   ] 2021-06-12 12:12:11.156 [restartedMain] GSM                            : Constructor GSM called
[INFO   ] 2021-06-12 12:12:11.161 [restartedMain] WebSocketClient                : Default constructor
[INFO   ] 2021-06-12 12:12:11.167 [restartedMain] ServerWebManager               : Init...
[INFO   ] 2021-06-12 12:12:11.171 [restartedMain] GSM                            : INIT port : /dev/tty
[INFO   ] 2021-06-12 12:12:11.172 [Thread-45    ] WebSocketClient                : Connecting...
[INFO   ] 2021-06-12 12:12:11.377 [restartedMain] ServerWebSocket                : Init...
[INFO   ] 2021-06-12 12:12:11.390 [restartedMain] ServerWebSocket                : Init...
[INFO   ] 2021-06-12 12:12:11.520 [restartedMain] OTPApplication                 : Started OTPApplication in 0.795 seconds (JVM running for 165.021)
[INFO   ] 2021-06-12 12:12:20.001 [scheduling-1 ] ServerScheduler                : Run...
[INFO   ] 2021-06-12 12:12:20.645 [restartedMain] OTPApplication                 : Starting OTPApplication using Java 14.0.2 on NB0230 with PID 29100 (C:\bitbucket\OTP-Broker\target\classes started by kamshory in C:\bitbucket\OTP-Broker)
[DEBUG  ] 2021-06-12 12:12:20.645 [restartedMain] OTPApplication                 : Running with Spring Boot v2.4.4, Spring v5.3.5
[INFO   ] 2021-06-12 12:12:20.645 [restartedMain] OTPApplication                 : No active profile set, falling back to default profiles: default
[INFO   ] 2021-06-12 12:12:20.995 [restartedMain] GSM                            : Constructor GSM called
[INFO   ] 2021-06-12 12:12:20.999 [restartedMain] WebSocketClient                : Default constructor
[INFO   ] 2021-06-12 12:12:21.006 [restartedMain] ServerWebManager               : Init...
[INFO   ] 2021-06-12 12:12:21.011 [restartedMain] GSM                            : INIT port : /dev/tty
[INFO   ] 2021-06-12 12:12:21.011 [Thread-51    ] WebSocketClient                : Connecting...
[INFO   ] 2021-06-12 12:12:21.219 [restartedMain] ServerWebSocket                : Init...
[INFO   ] 2021-06-12 12:12:21.234 [restartedMain] ServerWebSocket                : Init...
[INFO   ] 2021-06-12 12:12:21.394 [restartedMain] OTPApplication                 : Started OTPApplication in 0.807 seconds (JVM running for 174.894)
[INFO   ] 2021-06-12 12:12:30.002 [scheduling-1 ] ServerScheduler                : Run...
[INFO   ] 2021-06-12 12:12:40.002 [scheduling-1 ] ServerScheduler                : Run...
